<testsuites>
  <testsuite name="ZenQA.ApiTests.dll" tests="8" skipped="0" failures="0" errors="0" time="6.529356" timestamp="2025-10-07T11:39:38" hostname="LAPTOP-C59JJODQ" id="0" package="ZenQA.ApiTests.dll">
    <properties />
    <testcase classname="ZenQA.ApiTests.Smoke.Health_Smoke_Specs" name="base_url_should_be_reachable" time="0.8029780" />
    <testcase classname="ZenQA.ApiTests.Specs.Objects_Create_Specs" name="create_should_return_id_and_echo_fields" time="0.6546320" />
    <testcase classname="ZenQA.ApiTests.Specs.Objects_Delete_Specs" name="delete_should_return_200_or_204" time="1.0291450" />
    <testcase classname="ZenQA.ApiTests.Specs.Objects_Get_Specs" name="get_list_should_return_array" time="0.7313730" />
    <testcase classname="ZenQA.ApiTests.Specs.Objects_Get_Specs" name="get_single_object_should_return_200_or_404" time="0.6209970" />
    <testcase classname="ZenQA.ApiTests.Specs.Objects_Update_Specs" name="patch_nonexistent_should_be_404" time="0.6987370" />
    <testcase classname="ZenQA.ApiTests.Specs.Objects_Update_Specs" name="patch_should_update_partial_fields_and_keep_others" time="1.0642100" />
    <testcase classname="ZenQA.ApiTests.Specs.Objects_Update_Specs" name="patch_with_invalid_payload_should_be_4xx" time="0.9272840" />
    <system-out>
Test Framework Informational Messages:
NUnit Adapter 4.5.0.0: Test execution started
Running all tests in C:\Users\Nandan\Downloads\ZenQA.RestApiAutomation-fixed\tests\ZenQA.ApiTests\bin\Debug\net9.0\ZenQA.ApiTests.dll
   NUnit3TestExecutor discovered 8 of 8 NUnit test cases using Current Discovery mode, Non-Explicit run
NUnit Adapter 4.5.0.0: Test execution complete
</system-out>
    <system-err></system-err>
  </testsuite>
</testsuites>